[debug] [2024-07-25T02:55:39.037Z] ----------------------------------------------------------------------
[debug] [2024-07-25T02:55:39.038Z] Command:       /opt/homebrew/Cellar/node/22.4.0/bin/node /opt/homebrew/bin/firebase emulators:start
[debug] [2024-07-25T02:55:39.039Z] CLI Version:   13.14.1
[debug] [2024-07-25T02:55:39.039Z] Platform:      darwin
[debug] [2024-07-25T02:55:39.039Z] Node Version:  v22.4.0
[debug] [2024-07-25T02:55:39.039Z] Time:          Wed Jul 24 2024 19:55:39 GMT-0700 (Pacific Daylight Time)
[debug] [2024-07-25T02:55:39.039Z] ----------------------------------------------------------------------
[debug] 
[debug] [2024-07-25T02:55:39.090Z] > command requires scopes: ["email","openid","https://www.googleapis.com/auth/cloudplatformprojects.readonly","https://www.googleapis.com/auth/firebase","https://www.googleapis.com/auth/cloud-platform"]
[debug] [2024-07-25T02:55:39.090Z] > authorizing via signed-in user (arturomaciasmx@gmail.com)
[debug] [2024-07-25T02:55:39.130Z] openjdk version "22.0.2" 2024-07-16

[debug] [2024-07-25T02:55:39.130Z] OpenJDK Runtime Environment Homebrew (build 22.0.2)
OpenJDK 64-Bit Server VM Homebrew (build 22.0.2, mixed mode, sharing)

[debug] [2024-07-25T02:55:39.132Z] Parsed Java major version: 22
[info] i  emulators: Starting emulators: auth, functions, firestore {"metadata":{"emulator":{"name":"hub"},"message":"Starting emulators: auth, functions, firestore"}}
[debug] [2024-07-25T02:55:39.290Z] [logging] Logging Emulator only supports listening on one address (127.0.0.1). Not listening on ::1
[debug] [2024-07-25T02:55:39.290Z] [auth] Authentication Emulator only supports listening on one address (127.0.0.1). Not listening on ::1
[debug] [2024-07-25T02:55:39.290Z] [firestore] Firestore Emulator only supports listening on one address (127.0.0.1). Not listening on ::1
[debug] [2024-07-25T02:55:39.291Z] [firestore.websocket] websocket server for firestore only supports listening on one address (127.0.0.1). Not listening on ::1
[debug] [2024-07-25T02:55:39.291Z] assigned listening specs for emulators {"user":{"hub":[{"address":"127.0.0.1","family":"IPv4","port":4400},{"address":"::1","family":"IPv6","port":4400}],"ui":[{"address":"127.0.0.1","family":"IPv4","port":4000},{"address":"::1","family":"IPv6","port":4000}],"logging":[{"address":"127.0.0.1","family":"IPv4","port":4500}],"auth":[{"address":"127.0.0.1","family":"IPv4","port":9099}],"firestore":[{"address":"127.0.0.1","family":"IPv4","port":8080}],"firestore.websocket":[{"address":"127.0.0.1","family":"IPv4","port":9150}]},"metadata":{"message":"assigned listening specs for emulators"}}
[debug] [2024-07-25T02:55:39.293Z] [hub] writing locator at /var/folders/l5/21gf0b6s5xl_60l6437p32g00000gn/T/hub-nextjs-firebase-auth-bf7ca.json
[debug] [2024-07-25T02:55:39.346Z] [functions] Functions Emulator only supports listening on one address (127.0.0.1). Not listening on ::1
[debug] [2024-07-25T02:55:39.347Z] [eventarc] Eventarc Emulator only supports listening on one address (127.0.0.1). Not listening on ::1
[debug] [2024-07-25T02:55:39.347Z] late-assigned ports for functions and eventarc emulators {"user":{"hub":[{"address":"127.0.0.1","family":"IPv4","port":4400},{"address":"::1","family":"IPv6","port":4400}],"ui":[{"address":"127.0.0.1","family":"IPv4","port":4000},{"address":"::1","family":"IPv6","port":4000}],"logging":[{"address":"127.0.0.1","family":"IPv4","port":4500}],"auth":[{"address":"127.0.0.1","family":"IPv4","port":9099}],"firestore":[{"address":"127.0.0.1","family":"IPv4","port":8080}],"firestore.websocket":[{"address":"127.0.0.1","family":"IPv4","port":9150}],"functions":[{"address":"127.0.0.1","family":"IPv4","port":5001}],"eventarc":[{"address":"127.0.0.1","family":"IPv4","port":9299}]},"metadata":{"message":"late-assigned ports for functions and eventarc emulators"}}
[warn] ⚠  functions: The following emulators are not running, calls to these services from the Functions emulator will affect production: database, hosting, pubsub, storage, dataconnect {"metadata":{"emulator":{"name":"functions"},"message":"The following emulators are not running, calls to these services from the Functions emulator will affect production: \u001b[1mdatabase, hosting, pubsub, storage, dataconnect\u001b[22m"}}
[debug] [2024-07-25T02:55:39.348Z] defaultcredentials: writing to file /Users/arturo/.config/firebase/arturomaciasmx_gmail_com_application_default_credentials.json
[debug] [2024-07-25T02:55:39.349Z] Setting GAC to /Users/arturo/.config/firebase/arturomaciasmx_gmail_com_application_default_credentials.json {"metadata":{"emulator":{"name":"functions"},"message":"Setting GAC to /Users/arturo/.config/firebase/arturomaciasmx_gmail_com_application_default_credentials.json"}}
[debug] [2024-07-25T02:55:39.350Z] >>> [apiv2][query] GET https://firebase.googleapis.com/v1beta1/projects/nextjs-firebase-auth-bf7ca/adminSdkConfig [none]
[debug] [2024-07-25T02:55:39.560Z] <<< [apiv2][status] GET https://firebase.googleapis.com/v1beta1/projects/nextjs-firebase-auth-bf7ca/adminSdkConfig 200
[debug] [2024-07-25T02:55:39.560Z] <<< [apiv2][body] GET https://firebase.googleapis.com/v1beta1/projects/nextjs-firebase-auth-bf7ca/adminSdkConfig {"projectId":"nextjs-firebase-auth-bf7ca","storageBucket":"nextjs-firebase-auth-bf7ca.appspot.com"}
[debug] [2024-07-25T02:55:39.579Z] Ignoring unsupported arg: auto_download {"metadata":{"emulator":{"name":"firestore"},"message":"Ignoring unsupported arg: auto_download"}}
[debug] [2024-07-25T02:55:39.579Z] Ignoring unsupported arg: single_project_mode_error {"metadata":{"emulator":{"name":"firestore"},"message":"Ignoring unsupported arg: single_project_mode_error"}}
[debug] [2024-07-25T02:55:39.579Z] Starting Firestore Emulator with command {"binary":"java","args":["-Dgoogle.cloud_firestore.debug_log_level=FINE","-Duser.language=en","-jar","/Users/arturo/.cache/firebase/emulators/cloud-firestore-emulator-v1.19.7.jar","--host","127.0.0.1","--port",8080,"--websocket_port",9150,"--project_id","nextjs-firebase-auth-bf7ca","--rules","/Users/arturo/Dev/firebase-auth/firestore.rules","--single_project_mode",true,"--functions_emulator","127.0.0.1:5001"],"optionalArgs":["port","webchannel_port","host","rules","websocket_port","functions_emulator","seed_from_export","project_id","single_project_mode"],"joinArgs":false,"shell":false} {"metadata":{"emulator":{"name":"firestore"},"message":"Starting Firestore Emulator with command {\"binary\":\"java\",\"args\":[\"-Dgoogle.cloud_firestore.debug_log_level=FINE\",\"-Duser.language=en\",\"-jar\",\"/Users/arturo/.cache/firebase/emulators/cloud-firestore-emulator-v1.19.7.jar\",\"--host\",\"127.0.0.1\",\"--port\",8080,\"--websocket_port\",9150,\"--project_id\",\"nextjs-firebase-auth-bf7ca\",\"--rules\",\"/Users/arturo/Dev/firebase-auth/firestore.rules\",\"--single_project_mode\",true,\"--functions_emulator\",\"127.0.0.1:5001\"],\"optionalArgs\":[\"port\",\"webchannel_port\",\"host\",\"rules\",\"websocket_port\",\"functions_emulator\",\"seed_from_export\",\"project_id\",\"single_project_mode\"],\"joinArgs\":false,\"shell\":false}"}}
[info] i  firestore: Firestore Emulator logging to firestore-debug.log {"metadata":{"emulator":{"name":"firestore"},"message":"Firestore Emulator logging to \u001b[1mfirestore-debug.log\u001b[22m"}}
[debug] [2024-07-25T02:55:40.210Z] Jul 24, 2024 7:55:40 PM com.google.cloud.datastore.emulator.firestore.websocket.WebSocketServer start
INFO: Started WebSocket server on ws://127.0.0.1:9150
 {"metadata":{"emulator":{"name":"firestore"},"message":"Jul 24, 2024 7:55:40 PM com.google.cloud.datastore.emulator.firestore.websocket.WebSocketServer start\nINFO: Started WebSocket server on ws://127.0.0.1:9150\n"}}
[debug] [2024-07-25T02:55:40.221Z] API endpoint: http:// {"metadata":{"emulator":{"name":"firestore"},"message":"API endpoint: http://"}}
[debug] [2024-07-25T02:55:40.221Z] 127.0.0.1:8080
If you are using a library that supports the FIRESTORE_EMULATOR_HOST environment variable, run:

   export FIRESTORE_EMULATOR_HOST=127.0.0.1:8080

If you are running a Firestore in Datastore Mode project, run:

   export DATASTORE_EMULATOR_HOST=127.0.0.1:8080

Note: Support for Datastore Mode is in preview. If you encounter any bugs please file at https://github.com/firebase/firebase-tools/issues.
Dev App Server is now running.

 {"metadata":{"emulator":{"name":"firestore"},"message":"127.0.0.1:8080\nIf you are using a library that supports the FIRESTORE_EMULATOR_HOST environment variable, run:\n\n   export FIRESTORE_EMULATOR_HOST=127.0.0.1:8080\n\nIf you are running a Firestore in Datastore Mode project, run:\n\n   export DATASTORE_EMULATOR_HOST=127.0.0.1:8080\n\nNote: Support for Datastore Mode is in preview. If you encounter any bugs please file at https://github.com/firebase/firebase-tools/issues.\nDev App Server is now running.\n\n"}}
[info] ✔  firestore: Firestore Emulator UI websocket is running on 9150. {"metadata":{"emulator":{"name":"firestore"},"message":"Firestore Emulator UI websocket is running on 9150."}}
[info] i  ui: downloading ui-v1.13.0.zip... {"metadata":{"emulator":{"name":"ui"},"message":"downloading ui-v1.13.0.zip..."}}
[debug] [2024-07-25T02:55:42.631Z] >>> [apiv2][query] GET https://storage.googleapis.com/firebase-preview-drop/emulator/ui-v1.13.0.zip 
[debug] [2024-07-25T02:55:42.728Z] <<< [apiv2][status] GET https://storage.googleapis.com/firebase-preview-drop/emulator/ui-v1.13.0.zip 200
[debug] [2024-07-25T02:55:42.728Z] <<< [apiv2][body] GET https://storage.googleapis.com/firebase-preview-drop/emulator/ui-v1.13.0.zip [stream]
[debug] [2024-07-25T02:55:42.935Z] Data is 3605485
[debug] [2024-07-25T02:55:42.935Z] [unzip] Entry: client/ (compressed_size=0 bytes, uncompressed_size=0 bytes)
[debug] [2024-07-25T02:55:42.935Z] [unzip] Processing entry: client/
[debug] [2024-07-25T02:55:42.935Z] [unzip] mkdir: /Users/arturo/.cache/firebase/emulators/ui-v1.13.0/client/
[debug] [2024-07-25T02:55:42.936Z] [unzip] Entry: client/favicon-16x16.png (compressed_size=293 bytes, uncompressed_size=293 bytes)
[debug] [2024-07-25T02:55:42.936Z] [unzip] Processing entry: client/favicon-16x16.png
[debug] [2024-07-25T02:55:42.936Z] [unzip] else mkdir: /Users/arturo/.cache/firebase/emulators/ui-v1.13.0/client
[debug] [2024-07-25T02:55:42.936Z] [unzip] Writing file: /Users/arturo/.cache/firebase/emulators/ui-v1.13.0/client/favicon-16x16.png
[debug] [2024-07-25T02:55:42.936Z] [unzip] Entry: client/safari-pinned-tab.svg (compressed_size=1433 bytes, uncompressed_size=2611 bytes)
[debug] [2024-07-25T02:55:42.936Z] [unzip] Processing entry: client/safari-pinned-tab.svg
[debug] [2024-07-25T02:55:42.936Z] [unzip] else mkdir: /Users/arturo/.cache/firebase/emulators/ui-v1.13.0/client
[debug] [2024-07-25T02:55:42.936Z] [unzip] deflating: /Users/arturo/.cache/firebase/emulators/ui-v1.13.0/client/safari-pinned-tab.svg
[debug] [2024-07-25T02:55:42.938Z] [unzip] Entry: client/favicon.ico (compressed_size=2933 bytes, uncompressed_size=13294 bytes)
[debug] [2024-07-25T02:55:42.938Z] [unzip] Processing entry: client/favicon.ico
[debug] [2024-07-25T02:55:42.938Z] [unzip] else mkdir: /Users/arturo/.cache/firebase/emulators/ui-v1.13.0/client
[debug] [2024-07-25T02:55:42.938Z] [unzip] deflating: /Users/arturo/.cache/firebase/emulators/ui-v1.13.0/client/favicon.ico
[debug] [2024-07-25T02:55:42.939Z] [unzip] Entry: client/index.html (compressed_size=1361 bytes, uncompressed_size=3071 bytes)
[debug] [2024-07-25T02:55:42.939Z] [unzip] Processing entry: client/index.html
[debug] [2024-07-25T02:55:42.939Z] [unzip] else mkdir: /Users/arturo/.cache/firebase/emulators/ui-v1.13.0/client
[debug] [2024-07-25T02:55:42.939Z] [unzip] deflating: /Users/arturo/.cache/firebase/emulators/ui-v1.13.0/client/index.html
[debug] [2024-07-25T02:55:42.940Z] [unzip] Entry: client/android-chrome-192x192.png (compressed_size=2684 bytes, uncompressed_size=2684 bytes)
[debug] [2024-07-25T02:55:42.940Z] [unzip] Processing entry: client/android-chrome-192x192.png
[debug] [2024-07-25T02:55:42.940Z] [unzip] else mkdir: /Users/arturo/.cache/firebase/emulators/ui-v1.13.0/client
[debug] [2024-07-25T02:55:42.940Z] [unzip] Writing file: /Users/arturo/.cache/firebase/emulators/ui-v1.13.0/client/android-chrome-192x192.png
[debug] [2024-07-25T02:55:42.940Z] [unzip] Entry: client/apple-touch-icon.png (compressed_size=2123 bytes, uncompressed_size=2152 bytes)
[debug] [2024-07-25T02:55:42.940Z] [unzip] Processing entry: client/apple-touch-icon.png
[debug] [2024-07-25T02:55:42.940Z] [unzip] else mkdir: /Users/arturo/.cache/firebase/emulators/ui-v1.13.0/client
[debug] [2024-07-25T02:55:42.940Z] [unzip] deflating: /Users/arturo/.cache/firebase/emulators/ui-v1.13.0/client/apple-touch-icon.png
[debug] [2024-07-25T02:55:42.940Z] [unzip] Entry: client/android-chrome-512x512.png (compressed_size=5369 bytes, uncompressed_size=5411 bytes)
[debug] [2024-07-25T02:55:42.940Z] [unzip] Processing entry: client/android-chrome-512x512.png
[debug] [2024-07-25T02:55:42.940Z] [unzip] else mkdir: /Users/arturo/.cache/firebase/emulators/ui-v1.13.0/client
[debug] [2024-07-25T02:55:42.940Z] [unzip] deflating: /Users/arturo/.cache/firebase/emulators/ui-v1.13.0/client/android-chrome-512x512.png
[debug] [2024-07-25T02:55:42.941Z] [unzip] Entry: client/manifest.json (compressed_size=245 bytes, uncompressed_size=551 bytes)
[debug] [2024-07-25T02:55:42.941Z] [unzip] Processing entry: client/manifest.json
[debug] [2024-07-25T02:55:42.941Z] [unzip] else mkdir: /Users/arturo/.cache/firebase/emulators/ui-v1.13.0/client
[debug] [2024-07-25T02:55:42.941Z] [unzip] deflating: /Users/arturo/.cache/firebase/emulators/ui-v1.13.0/client/manifest.json
[debug] [2024-07-25T02:55:42.941Z] [unzip] Entry: client/robots.txt (compressed_size=26 bytes, uncompressed_size=26 bytes)
[debug] [2024-07-25T02:55:42.941Z] [unzip] Processing entry: client/robots.txt
[debug] [2024-07-25T02:55:42.942Z] [unzip] else mkdir: /Users/arturo/.cache/firebase/emulators/ui-v1.13.0/client
[debug] [2024-07-25T02:55:42.942Z] [unzip] Writing file: /Users/arturo/.cache/firebase/emulators/ui-v1.13.0/client/robots.txt
[debug] [2024-07-25T02:55:42.942Z] [unzip] Entry: client/mstile-150x150.png (compressed_size=2034 bytes, uncompressed_size=2034 bytes)
[debug] [2024-07-25T02:55:42.942Z] [unzip] Processing entry: client/mstile-150x150.png
[debug] [2024-07-25T02:55:42.942Z] [unzip] else mkdir: /Users/arturo/.cache/firebase/emulators/ui-v1.13.0/client
[debug] [2024-07-25T02:55:42.942Z] [unzip] Writing file: /Users/arturo/.cache/firebase/emulators/ui-v1.13.0/client/mstile-150x150.png
[debug] [2024-07-25T02:55:42.942Z] [unzip] Entry: client/assets/ (compressed_size=0 bytes, uncompressed_size=0 bytes)
[debug] [2024-07-25T02:55:42.942Z] [unzip] Processing entry: client/assets/
[debug] [2024-07-25T02:55:42.942Z] [unzip] mkdir: /Users/arturo/.cache/firebase/emulators/ui-v1.13.0/client/assets/
[debug] [2024-07-25T02:55:42.942Z] [unzip] Entry: client/assets/index-I-mhtQda.js.map (compressed_size=2322562 bytes, uncompressed_size=9922747 bytes)
[debug] [2024-07-25T02:55:42.942Z] [unzip] Processing entry: client/assets/index-I-mhtQda.js.map
[debug] [2024-07-25T02:55:42.942Z] [unzip] else mkdir: /Users/arturo/.cache/firebase/emulators/ui-v1.13.0/client/assets
[debug] [2024-07-25T02:55:42.942Z] [unzip] deflating: /Users/arturo/.cache/firebase/emulators/ui-v1.13.0/client/assets/index-I-mhtQda.js.map
[debug] [2024-07-25T02:55:42.966Z] [unzip] Entry: client/assets/index-BdgySamB.css (compressed_size=35979 bytes, uncompressed_size=298654 bytes)
[debug] [2024-07-25T02:55:42.966Z] [unzip] Processing entry: client/assets/index-BdgySamB.css
[debug] [2024-07-25T02:55:42.966Z] [unzip] else mkdir: /Users/arturo/.cache/firebase/emulators/ui-v1.13.0/client/assets
[debug] [2024-07-25T02:55:42.966Z] [unzip] deflating: /Users/arturo/.cache/firebase/emulators/ui-v1.13.0/client/assets/index-BdgySamB.css
[debug] [2024-07-25T02:55:42.967Z] [unzip] Entry: client/assets/index-I-mhtQda.js (compressed_size=565968 bytes, uncompressed_size=2030855 bytes)
[debug] [2024-07-25T02:55:42.967Z] [unzip] Processing entry: client/assets/index-I-mhtQda.js
[debug] [2024-07-25T02:55:42.967Z] [unzip] else mkdir: /Users/arturo/.cache/firebase/emulators/ui-v1.13.0/client/assets
[debug] [2024-07-25T02:55:42.967Z] [unzip] deflating: /Users/arturo/.cache/firebase/emulators/ui-v1.13.0/client/assets/index-I-mhtQda.js
[debug] [2024-07-25T02:55:42.972Z] [unzip] Entry: client/assets/extensions/ (compressed_size=0 bytes, uncompressed_size=0 bytes)
[debug] [2024-07-25T02:55:42.972Z] [unzip] Processing entry: client/assets/extensions/
[debug] [2024-07-25T02:55:42.972Z] [unzip] mkdir: /Users/arturo/.cache/firebase/emulators/ui-v1.13.0/client/assets/extensions/
[debug] [2024-07-25T02:55:42.972Z] [unzip] Entry: client/assets/extensions/default-extension.png (compressed_size=1646 bytes, uncompressed_size=1657 bytes)
[debug] [2024-07-25T02:55:42.972Z] [unzip] Processing entry: client/assets/extensions/default-extension.png
[debug] [2024-07-25T02:55:42.972Z] [unzip] else mkdir: /Users/arturo/.cache/firebase/emulators/ui-v1.13.0/client/assets/extensions
[debug] [2024-07-25T02:55:42.972Z] [unzip] deflating: /Users/arturo/.cache/firebase/emulators/ui-v1.13.0/client/assets/extensions/default-extension.png
[debug] [2024-07-25T02:55:42.972Z] [unzip] Entry: client/assets/img/ (compressed_size=0 bytes, uncompressed_size=0 bytes)
[debug] [2024-07-25T02:55:42.972Z] [unzip] Processing entry: client/assets/img/
[debug] [2024-07-25T02:55:42.972Z] [unzip] mkdir: /Users/arturo/.cache/firebase/emulators/ui-v1.13.0/client/assets/img/
[debug] [2024-07-25T02:55:42.972Z] [unzip] Entry: client/assets/img/database.png (compressed_size=29449 bytes, uncompressed_size=29988 bytes)
[debug] [2024-07-25T02:55:42.972Z] [unzip] Processing entry: client/assets/img/database.png
[debug] [2024-07-25T02:55:42.972Z] [unzip] else mkdir: /Users/arturo/.cache/firebase/emulators/ui-v1.13.0/client/assets/img
[debug] [2024-07-25T02:55:42.972Z] [unzip] deflating: /Users/arturo/.cache/firebase/emulators/ui-v1.13.0/client/assets/img/database.png
[debug] [2024-07-25T02:55:42.973Z] [unzip] Entry: client/assets/provider-icons/ (compressed_size=0 bytes, uncompressed_size=0 bytes)
[debug] [2024-07-25T02:55:42.973Z] [unzip] Processing entry: client/assets/provider-icons/
[debug] [2024-07-25T02:55:42.973Z] [unzip] mkdir: /Users/arturo/.cache/firebase/emulators/ui-v1.13.0/client/assets/provider-icons/
[debug] [2024-07-25T02:55:42.973Z] [unzip] Entry: client/assets/provider-icons/auth_service_saml.svg (compressed_size=575 bytes, uncompressed_size=1226 bytes)
[debug] [2024-07-25T02:55:42.973Z] [unzip] Processing entry: client/assets/provider-icons/auth_service_saml.svg
[debug] [2024-07-25T02:55:42.973Z] [unzip] else mkdir: /Users/arturo/.cache/firebase/emulators/ui-v1.13.0/client/assets/provider-icons
[debug] [2024-07-25T02:55:42.973Z] [unzip] deflating: /Users/arturo/.cache/firebase/emulators/ui-v1.13.0/client/assets/provider-icons/auth_service_saml.svg
[debug] [2024-07-25T02:55:42.973Z] [unzip] Entry: client/assets/provider-icons/auth_service_phone.svg (compressed_size=261 bytes, uncompressed_size=414 bytes)
[debug] [2024-07-25T02:55:42.973Z] [unzip] Processing entry: client/assets/provider-icons/auth_service_phone.svg
[debug] [2024-07-25T02:55:42.973Z] [unzip] else mkdir: /Users/arturo/.cache/firebase/emulators/ui-v1.13.0/client/assets/provider-icons
[debug] [2024-07-25T02:55:42.973Z] [unzip] deflating: /Users/arturo/.cache/firebase/emulators/ui-v1.13.0/client/assets/provider-icons/auth_service_phone.svg
[debug] [2024-07-25T02:55:42.973Z] [unzip] Entry: client/assets/provider-icons/auth_service_facebook.svg (compressed_size=289 bytes, uncompressed_size=457 bytes)
[debug] [2024-07-25T02:55:42.973Z] [unzip] Processing entry: client/assets/provider-icons/auth_service_facebook.svg
[debug] [2024-07-25T02:55:42.973Z] [unzip] else mkdir: /Users/arturo/.cache/firebase/emulators/ui-v1.13.0/client/assets/provider-icons
[debug] [2024-07-25T02:55:42.973Z] [unzip] deflating: /Users/arturo/.cache/firebase/emulators/ui-v1.13.0/client/assets/provider-icons/auth_service_facebook.svg
[debug] [2024-07-25T02:55:42.973Z] [unzip] Entry: client/assets/provider-icons/auth_service_game_center.svg (compressed_size=991 bytes, uncompressed_size=3921 bytes)
[debug] [2024-07-25T02:55:42.974Z] [unzip] Processing entry: client/assets/provider-icons/auth_service_game_center.svg
[debug] [2024-07-25T02:55:42.974Z] [unzip] else mkdir: /Users/arturo/.cache/firebase/emulators/ui-v1.13.0/client/assets/provider-icons
[debug] [2024-07-25T02:55:42.974Z] [unzip] deflating: /Users/arturo/.cache/firebase/emulators/ui-v1.13.0/client/assets/provider-icons/auth_service_game_center.svg
[debug] [2024-07-25T02:55:42.974Z] [unzip] Entry: client/assets/provider-icons/auth_service_apple.svg (compressed_size=230 bytes, uncompressed_size=334 bytes)
[debug] [2024-07-25T02:55:42.974Z] [unzip] Processing entry: client/assets/provider-icons/auth_service_apple.svg
[debug] [2024-07-25T02:55:42.974Z] [unzip] else mkdir: /Users/arturo/.cache/firebase/emulators/ui-v1.13.0/client/assets/provider-icons
[debug] [2024-07-25T02:55:42.974Z] [unzip] deflating: /Users/arturo/.cache/firebase/emulators/ui-v1.13.0/client/assets/provider-icons/auth_service_apple.svg
[debug] [2024-07-25T02:55:42.974Z] [unzip] Entry: client/assets/provider-icons/auth_service_github.svg (compressed_size=466 bytes, uncompressed_size=838 bytes)
[debug] [2024-07-25T02:55:42.974Z] [unzip] Processing entry: client/assets/provider-icons/auth_service_github.svg
[debug] [2024-07-25T02:55:42.974Z] [unzip] else mkdir: /Users/arturo/.cache/firebase/emulators/ui-v1.13.0/client/assets/provider-icons
[debug] [2024-07-25T02:55:42.974Z] [unzip] deflating: /Users/arturo/.cache/firebase/emulators/ui-v1.13.0/client/assets/provider-icons/auth_service_github.svg
[debug] [2024-07-25T02:55:42.974Z] [unzip] Entry: client/assets/provider-icons/auth_service_mslive.svg (compressed_size=203 bytes, uncompressed_size=378 bytes)
[debug] [2024-07-25T02:55:42.974Z] [unzip] Processing entry: client/assets/provider-icons/auth_service_mslive.svg
[debug] [2024-07-25T02:55:42.974Z] [unzip] else mkdir: /Users/arturo/.cache/firebase/emulators/ui-v1.13.0/client/assets/provider-icons
[debug] [2024-07-25T02:55:42.974Z] [unzip] deflating: /Users/arturo/.cache/firebase/emulators/ui-v1.13.0/client/assets/provider-icons/auth_service_mslive.svg
[debug] [2024-07-25T02:55:42.974Z] [unzip] Entry: client/assets/provider-icons/auth_service_yahoo.svg (compressed_size=577 bytes, uncompressed_size=1182 bytes)
[debug] [2024-07-25T02:55:42.974Z] [unzip] Processing entry: client/assets/provider-icons/auth_service_yahoo.svg
[debug] [2024-07-25T02:55:42.974Z] [unzip] else mkdir: /Users/arturo/.cache/firebase/emulators/ui-v1.13.0/client/assets/provider-icons
[debug] [2024-07-25T02:55:42.974Z] [unzip] deflating: /Users/arturo/.cache/firebase/emulators/ui-v1.13.0/client/assets/provider-icons/auth_service_yahoo.svg
[debug] [2024-07-25T02:55:42.975Z] [unzip] Entry: client/assets/provider-icons/auth_service_twitter.svg (compressed_size=444 bytes, uncompressed_size=751 bytes)
[debug] [2024-07-25T02:55:42.975Z] [unzip] Processing entry: client/assets/provider-icons/auth_service_twitter.svg
[debug] [2024-07-25T02:55:42.975Z] [unzip] else mkdir: /Users/arturo/.cache/firebase/emulators/ui-v1.13.0/client/assets/provider-icons
[debug] [2024-07-25T02:55:42.975Z] [unzip] deflating: /Users/arturo/.cache/firebase/emulators/ui-v1.13.0/client/assets/provider-icons/auth_service_twitter.svg
[debug] [2024-07-25T02:55:42.975Z] [unzip] Entry: client/assets/provider-icons/auth_service_play_games.svg (compressed_size=565 bytes, uncompressed_size=1173 bytes)
[debug] [2024-07-25T02:55:42.975Z] [unzip] Processing entry: client/assets/provider-icons/auth_service_play_games.svg
[debug] [2024-07-25T02:55:42.975Z] [unzip] else mkdir: /Users/arturo/.cache/firebase/emulators/ui-v1.13.0/client/assets/provider-icons
[debug] [2024-07-25T02:55:42.975Z] [unzip] deflating: /Users/arturo/.cache/firebase/emulators/ui-v1.13.0/client/assets/provider-icons/auth_service_play_games.svg
[debug] [2024-07-25T02:55:42.975Z] [unzip] Entry: client/assets/provider-icons/auth_service_email.svg (compressed_size=228 bytes, uncompressed_size=326 bytes)
[debug] [2024-07-25T02:55:42.975Z] [unzip] Processing entry: client/assets/provider-icons/auth_service_email.svg
[debug] [2024-07-25T02:55:42.975Z] [unzip] else mkdir: /Users/arturo/.cache/firebase/emulators/ui-v1.13.0/client/assets/provider-icons
[debug] [2024-07-25T02:55:42.975Z] [unzip] deflating: /Users/arturo/.cache/firebase/emulators/ui-v1.13.0/client/assets/provider-icons/auth_service_email.svg
[debug] [2024-07-25T02:55:42.975Z] [unzip] Entry: client/assets/provider-icons/auth_service_google.svg (compressed_size=409 bytes, uncompressed_size=720 bytes)
[debug] [2024-07-25T02:55:42.975Z] [unzip] Processing entry: client/assets/provider-icons/auth_service_google.svg
[debug] [2024-07-25T02:55:42.975Z] [unzip] else mkdir: /Users/arturo/.cache/firebase/emulators/ui-v1.13.0/client/assets/provider-icons
[debug] [2024-07-25T02:55:42.976Z] [unzip] deflating: /Users/arturo/.cache/firebase/emulators/ui-v1.13.0/client/assets/provider-icons/auth_service_google.svg
[debug] [2024-07-25T02:55:42.976Z] [unzip] Entry: client/assets/provider-icons/auth_service_oidc.svg (compressed_size=414 bytes, uncompressed_size=858 bytes)
[debug] [2024-07-25T02:55:42.976Z] [unzip] Processing entry: client/assets/provider-icons/auth_service_oidc.svg
[debug] [2024-07-25T02:55:42.976Z] [unzip] else mkdir: /Users/arturo/.cache/firebase/emulators/ui-v1.13.0/client/assets/provider-icons
[debug] [2024-07-25T02:55:42.976Z] [unzip] deflating: /Users/arturo/.cache/firebase/emulators/ui-v1.13.0/client/assets/provider-icons/auth_service_oidc.svg
[debug] [2024-07-25T02:55:42.976Z] [unzip] Entry: client/browserconfig.xml (compressed_size=491 bytes, uncompressed_size=822 bytes)
[debug] [2024-07-25T02:55:42.976Z] [unzip] Processing entry: client/browserconfig.xml
[debug] [2024-07-25T02:55:42.976Z] [unzip] else mkdir: /Users/arturo/.cache/firebase/emulators/ui-v1.13.0/client
[debug] [2024-07-25T02:55:42.976Z] [unzip] deflating: /Users/arturo/.cache/firebase/emulators/ui-v1.13.0/client/browserconfig.xml
[debug] [2024-07-25T02:55:42.976Z] [unzip] Entry: client/favicon-32x32.png (compressed_size=475 bytes, uncompressed_size=475 bytes)
[debug] [2024-07-25T02:55:42.976Z] [unzip] Processing entry: client/favicon-32x32.png
[debug] [2024-07-25T02:55:42.976Z] [unzip] else mkdir: /Users/arturo/.cache/firebase/emulators/ui-v1.13.0/client
[debug] [2024-07-25T02:55:42.977Z] [unzip] Writing file: /Users/arturo/.cache/firebase/emulators/ui-v1.13.0/client/favicon-32x32.png
[debug] [2024-07-25T02:55:42.977Z] [unzip] Entry: server/ (compressed_size=0 bytes, uncompressed_size=0 bytes)
[debug] [2024-07-25T02:55:42.977Z] [unzip] Processing entry: server/
[debug] [2024-07-25T02:55:42.977Z] [unzip] mkdir: /Users/arturo/.cache/firebase/emulators/ui-v1.13.0/server/
[debug] [2024-07-25T02:55:42.977Z] [unzip] Entry: server/server.mjs.map (compressed_size=294629 bytes, uncompressed_size=1346672 bytes)
[debug] [2024-07-25T02:55:42.977Z] [unzip] Processing entry: server/server.mjs.map
[debug] [2024-07-25T02:55:42.977Z] [unzip] else mkdir: /Users/arturo/.cache/firebase/emulators/ui-v1.13.0/server
[debug] [2024-07-25T02:55:42.977Z] [unzip] deflating: /Users/arturo/.cache/firebase/emulators/ui-v1.13.0/server/server.mjs.map
[debug] [2024-07-25T02:55:42.980Z] [unzip] Entry: server/server.mjs (compressed_size=314679 bytes, uncompressed_size=1167517 bytes)
[debug] [2024-07-25T02:55:42.980Z] [unzip] Processing entry: server/server.mjs
[debug] [2024-07-25T02:55:42.980Z] [unzip] else mkdir: /Users/arturo/.cache/firebase/emulators/ui-v1.13.0/server
[debug] [2024-07-25T02:55:42.980Z] [unzip] deflating: /Users/arturo/.cache/firebase/emulators/ui-v1.13.0/server/server.mjs
[debug] [2024-07-25T02:55:42.983Z] [unzip] Entry: server/assets/ (compressed_size=0 bytes, uncompressed_size=0 bytes)
[debug] [2024-07-25T02:55:42.983Z] [unzip] Processing entry: server/assets/
[debug] [2024-07-25T02:55:42.983Z] [unzip] mkdir: /Users/arturo/.cache/firebase/emulators/ui-v1.13.0/server/assets/
[debug] [2024-07-25T02:55:42.983Z] [unzip] Entry: server/assets/multipart-parser-DGCUZdXu.mjs.map (compressed_size=4791 bytes, uncompressed_size=17918 bytes)
[debug] [2024-07-25T02:55:42.983Z] [unzip] Processing entry: server/assets/multipart-parser-DGCUZdXu.mjs.map
[debug] [2024-07-25T02:55:42.983Z] [unzip] else mkdir: /Users/arturo/.cache/firebase/emulators/ui-v1.13.0/server/assets
[debug] [2024-07-25T02:55:42.983Z] [unzip] deflating: /Users/arturo/.cache/firebase/emulators/ui-v1.13.0/server/assets/multipart-parser-DGCUZdXu.mjs.map
[debug] [2024-07-25T02:55:42.983Z] [unzip] Entry: server/assets/multipart-parser-DGCUZdXu.mjs (compressed_size=2621 bytes, uncompressed_size=10390 bytes)
[debug] [2024-07-25T02:55:42.983Z] [unzip] Processing entry: server/assets/multipart-parser-DGCUZdXu.mjs
[debug] [2024-07-25T02:55:42.983Z] [unzip] else mkdir: /Users/arturo/.cache/firebase/emulators/ui-v1.13.0/server/assets
[debug] [2024-07-25T02:55:42.983Z] [unzip] deflating: /Users/arturo/.cache/firebase/emulators/ui-v1.13.0/server/assets/multipart-parser-DGCUZdXu.mjs
[debug] [2024-07-25T02:55:42.984Z] Ignoring unsupported arg: auto_download {"metadata":{"emulator":{"name":"ui"},"message":"Ignoring unsupported arg: auto_download"}}
[debug] [2024-07-25T02:55:42.984Z] Ignoring unsupported arg: port {"metadata":{"emulator":{"name":"ui"},"message":"Ignoring unsupported arg: port"}}
[debug] [2024-07-25T02:55:42.984Z] Starting Emulator UI with command {"binary":"node","args":["/Users/arturo/.cache/firebase/emulators/ui-v1.13.0/server/server.mjs"],"optionalArgs":[],"joinArgs":false,"shell":false} {"metadata":{"emulator":{"name":"ui"},"message":"Starting Emulator UI with command {\"binary\":\"node\",\"args\":[\"/Users/arturo/.cache/firebase/emulators/ui-v1.13.0/server/server.mjs\"],\"optionalArgs\":[],\"joinArgs\":false,\"shell\":false}"}}
[info] i  ui: Emulator UI logging to ui-debug.log {"metadata":{"emulator":{"name":"ui"},"message":"Emulator UI logging to \u001b[1mui-debug.log\u001b[22m"}}
[debug] [2024-07-25T02:55:43.058Z] Web / API server started at 127.0.0.1:4000
 {"metadata":{"emulator":{"name":"ui"},"message":"Web / API server started at 127.0.0.1:4000\n"}}
[debug] [2024-07-25T02:55:43.058Z] Web / API server started at ::1:4000
 {"metadata":{"emulator":{"name":"ui"},"message":"Web / API server started at ::1:4000\n"}}
[info] i  functions: Watching "/Users/arturo/Dev/firebase-auth/firebase/functions" for Cloud Functions... {"metadata":{"emulator":{"name":"functions"},"message":"Watching \"/Users/arturo/Dev/firebase-auth/firebase/functions\" for Cloud Functions..."}}
[debug] [2024-07-25T02:55:43.195Z] Validating nodejs source
[warn] ⚠  functions: Couldn't find firebase-functions package in your source code. Have you run 'npm install'? 
[debug] [2024-07-25T02:55:43.197Z] getFunctionsSDKVersion encountered error: Cannot find module 'firebase-functions'
Require stack:
- /opt/homebrew/lib/node_modules/firebase-tools/lib/deploy/functions/runtimes/node/versioning.js
- /opt/homebrew/lib/node_modules/firebase-tools/lib/deploy/functions/runtimes/node/index.js
- /opt/homebrew/lib/node_modules/firebase-tools/lib/deploy/functions/runtimes/index.js
- /opt/homebrew/lib/node_modules/firebase-tools/lib/deploy/functions/prepare.js
- /opt/homebrew/lib/node_modules/firebase-tools/lib/emulator/functionsEmulatorShared.js
- /opt/homebrew/lib/node_modules/firebase-tools/lib/emulator/functionsEmulator.js
- /opt/homebrew/lib/node_modules/firebase-tools/lib/emulator/controller.js
- /opt/homebrew/lib/node_modules/firebase-tools/lib/emulator/commandUtils.js
- /opt/homebrew/lib/node_modules/firebase-tools/lib/commands/database-get.js
- /opt/homebrew/lib/node_modules/firebase-tools/lib/commands/index.js
- /opt/homebrew/lib/node_modules/firebase-tools/lib/index.js
- /opt/homebrew/lib/node_modules/firebase-tools/lib/bin/firebase.js {"code":"MODULE_NOT_FOUND","requireStack":["/opt/homebrew/lib/node_modules/firebase-tools/lib/deploy/functions/runtimes/node/versioning.js","/opt/homebrew/lib/node_modules/firebase-tools/lib/deploy/functions/runtimes/node/index.js","/opt/homebrew/lib/node_modules/firebase-tools/lib/deploy/functions/runtimes/index.js","/opt/homebrew/lib/node_modules/firebase-tools/lib/deploy/functions/prepare.js","/opt/homebrew/lib/node_modules/firebase-tools/lib/emulator/functionsEmulatorShared.js","/opt/homebrew/lib/node_modules/firebase-tools/lib/emulator/functionsEmulator.js","/opt/homebrew/lib/node_modules/firebase-tools/lib/emulator/controller.js","/opt/homebrew/lib/node_modules/firebase-tools/lib/emulator/commandUtils.js","/opt/homebrew/lib/node_modules/firebase-tools/lib/commands/database-get.js","/opt/homebrew/lib/node_modules/firebase-tools/lib/commands/index.js","/opt/homebrew/lib/node_modules/firebase-tools/lib/index.js","/opt/homebrew/lib/node_modules/firebase-tools/lib/bin/firebase.js"]}
[debug] [2024-07-25T02:55:43.197Z] checkFunctionsSDKVersion encountered error: Invalid Version:  {}
[debug] [2024-07-25T02:55:43.198Z] > [functions] package.json contents: {
  "name": "functions",
  "scripts": {
    "lint": "eslint --ext .js,.ts .",
    "build": "tsc",
    "build:watch": "tsc --watch",
    "serve": "npm run build && firebase emulators:start --only functions",
    "shell": "npm run build && firebase functions:shell",
    "start": "npm run shell",
    "deploy": "firebase deploy --only functions",
    "logs": "firebase functions:log"
  },
  "engines": {
    "node": "18"
  },
  "main": "lib/index.js",
  "dependencies": {
    "firebase-admin": "^12.1.0",
    "firebase-functions": "^5.0.0"
  },
  "devDependencies": {
    "@typescript-eslint/eslint-plugin": "^5.12.0",
    "@typescript-eslint/parser": "^5.12.0",
    "eslint": "^8.9.0",
    "eslint-config-google": "^0.14.0",
    "eslint-plugin-import": "^2.25.4",
    "firebase-functions-test": "^3.1.0",
    "typescript": "^4.9.0"
  },
  "private": true
}
[error] ⬢  functions: Failed to load function definition from source: FirebaseError: There was an error reading firebase/functions/package.json:

 firebase/functions/lib/index.js does not exist, can't deploy Cloud Functions {"metadata":{"emulator":{"name":"functions"},"message":"Failed to load function definition from source: FirebaseError: There was an error reading firebase/functions/package.json:\n\n firebase/functions/lib/index.js does not exist, can't deploy Cloud Functions"}}
[info] 
┌─────────────────────────────────────────────────────────────┐
│ ✔  All emulators ready! It is now safe to connect your app. │
│ i  View Emulator UI at http://127.0.0.1:4000/               │
└─────────────────────────────────────────────────────────────┘

┌────────────────┬────────────────┬─────────────────────────────────┐
│ Emulator       │ Host:Port      │ View in Emulator UI             │
├────────────────┼────────────────┼─────────────────────────────────┤
│ Authentication │ 127.0.0.1:9099 │ http://127.0.0.1:4000/auth      │
├────────────────┼────────────────┼─────────────────────────────────┤
│ Functions      │ 127.0.0.1:5001 │ http://127.0.0.1:4000/functions │
├────────────────┼────────────────┼─────────────────────────────────┤
│ Firestore      │ 127.0.0.1:8080 │ http://127.0.0.1:4000/firestore │
└────────────────┴────────────────┴─────────────────────────────────┘
  Emulator Hub running at 127.0.0.1:4400
  Other reserved ports: 4500, 9150

Issues? Report them at https://github.com/firebase/firebase-tools/issues and attach the *-debug.log files.
 
[debug] [2024-07-25T02:56:00.240Z] Jul 24, 2024 7:56:00 PM com.google.cloud.datastore.emulator.firestore.websocket.WebSocketChannelHandler initChannel
INFO: Connected to new websocket client
 {"metadata":{"emulator":{"name":"firestore"},"message":"Jul 24, 2024 7:56:00 PM com.google.cloud.datastore.emulator.firestore.websocket.WebSocketChannelHandler initChannel\nINFO: Connected to new websocket client\n"}}
